<?xml version="1.0" encoding="UTF-8"?>
<!-- Generated by org.testng.reporters.JUnitReportReporter -->
<testsuite hostname="Thundertwonk" failures="0" tests="1" name="Parallel06IT" time="24.524" errors="0" timestamp="05 May 2019 07:37:49 GMT" skipped="0">
  <testcase classname="Parallel06IT" name="runScenario" time="24.524"/>
</testsuite> <!-- Parallel06IT -->
