<?xml version="1.0" encoding="UTF-8"?>
<!-- Generated by org.testng.reporters.JUnitReportReporter -->
<testsuite hostname="Thundertwonk" failures="0" tests="7" name="runners.CreateBooking" time="91.690" errors="0" timestamp="14 May 2019 06:47:04 GMT" skipped="0">
  <testcase classname="runners.CreateBooking" name="runScenario" time="11.772"/>
  <testcase classname="runners.CreateBooking" name="runScenario" time="16.354"/>
  <testcase classname="runners.CreateBooking" name="runScenario" time="11.733"/>
  <testcase classname="runners.CreateBooking" name="runScenario" time="17.771"/>
  <testcase classname="runners.CreateBooking" name="runScenario" time="11.846"/>
  <testcase classname="runners.CreateBooking" name="runScenario" time="11.365"/>
  <testcase classname="runners.CreateBooking" name="runScenario" time="10.849"/>
</testsuite> <!-- runners.CreateBooking -->
