<?xml version="1.0" encoding="UTF-8"?>
<!-- Generated by org.testng.reporters.JUnitReportReporter -->
<testsuite hostname="Thundertwonk" failures="0" tests="1" name="Parallel02IT" time="17.521" errors="0" timestamp="05 May 2019 07:37:41 GMT" skipped="0">
  <testcase classname="Parallel02IT" name="runScenario" time="17.521"/>
</testsuite> <!-- Parallel02IT -->
